#
# There is insufficient memory for the Java Runtime Environment to continue.
# Native memory allocation (malloc) failed to allocate 32784 bytes for Chunk::new
# Possible reasons:
#   The system is out of physical RAM or swap space
#   The process is running with CompressedOops enabled, and the Java Heap may be blocking the growth of the native heap
# Possible solutions:
#   Reduce memory load on the system
#   Increase physical memory or swap space
#   Check if swap backing store is full
#   Decrease Java heap size (-Xmx/-Xms)
#   Decrease number of Java threads
#   Decrease Java thread stack sizes (-Xss)
#   Set larger code cache with -XX:ReservedCodeCacheSize=
#   JVM is running with Zero Based Compressed Oops mode in which the Java heap is
#     placed in the first 32GB address space. The Java Heap base address is the
#     maximum limit for the native heap growth. Please use -XX:HeapBaseMinAddress
#     to set the Java Heap base and to place the Java Heap above 32GB virtual address.
# This output file may be truncated or incomplete.
#
#  Out of Memory Error (allocation.cpp:389), pid=17032, tid=0x00000000000032f4
#
# JRE version: Java(TM) SE Runtime Environment (8.0_271-b09) (build 1.8.0_271-b09)
# Java VM: Java HotSpot(TM) 64-Bit Server VM (25.271-b09 mixed mode windows-amd64 compressed oops)
# Failed to write core dump. Minidumps are not enabled by default on client versions of Windows
#

---------------  T H R E A D  ---------------

Current thread (0x0000026cba765000):  JavaThread "C2 CompilerThread1" daemon [_thread_in_native, id=13044, stack(0x000000e253f00000,0x000000e254000000)]

Stack: [0x000000e253f00000,0x000000e254000000]
Native frames: (J=compiled Java code, j=interpreted, Vv=VM code, C=native code)
V  [jvm.dll+0x33f6c9]
V  [jvm.dll+0x286122]
V  [jvm.dll+0x286dcd]
V  [jvm.dll+0x27d805]
V  [jvm.dll+0xe574c]
V  [jvm.dll+0xe5f4c]
V  [jvm.dll+0xe5a9d]
V  [jvm.dll+0x4d62cf]
V  [jvm.dll+0x49e2a3]
V  [jvm.dll+0x452156]
V  [jvm.dll+0x44feb4]
V  [jvm.dll+0x43aef7]
V  [jvm.dll+0xbc3eb]
V  [jvm.dll+0xbaa4b]
V  [jvm.dll+0x24e7c2]
V  [jvm.dll+0x2a2dcc]
C  [ucrtbase.dll+0x210b2]
C  [KERNEL32.DLL+0x17c24]
C  [ntdll.dll+0x6d4d1]


Current CompileTask:
C2:   3093  378       4       sun.awt.image.OffScreenImageSource::sendPixels (733 bytes)


---------------  P R O C E S S  ---------------

Java Threads: ( => current thread )
  0x0000026cbbea5800 JavaThread "AWT-Windows" daemon [_thread_in_native, id=2312, stack(0x000000e254600000,0x000000e254700000)]
  0x0000026cbbea0000 JavaThread "AWT-Shutdown" [_thread_blocked, id=24632, stack(0x000000e254500000,0x000000e254600000)]
  0x0000026cbbe9d000 JavaThread "Java2D Disposer" daemon [_thread_blocked, id=27572, stack(0x000000e254400000,0x000000e254500000)]
  0x0000026cbbb08800 JavaThread "Service Thread" daemon [_thread_blocked, id=15396, stack(0x000000e254200000,0x000000e254300000)]
  0x0000026cba76e800 JavaThread "C1 CompilerThread3" daemon [_thread_blocked, id=22488, stack(0x000000e254100000,0x000000e254200000)]
  0x0000026cba769000 JavaThread "C2 CompilerThread2" daemon [_thread_blocked, id=28232, stack(0x000000e254000000,0x000000e254100000)]
=>0x0000026cba765000 JavaThread "C2 CompilerThread1" daemon [_thread_in_native, id=13044, stack(0x000000e253f00000,0x000000e254000000)]
  0x0000026cba75c000 JavaThread "C2 CompilerThread0" daemon [_thread_blocked, id=10396, stack(0x000000e253e00000,0x000000e253f00000)]
  0x0000026cba757800 JavaThread "Attach Listener" daemon [_thread_blocked, id=22364, stack(0x000000e253d00000,0x000000e253e00000)]
  0x0000026cba756800 JavaThread "Signal Dispatcher" daemon [_thread_blocked, id=27044, stack(0x000000e253c00000,0x000000e253d00000)]
  0x0000026cba73a800 JavaThread "Finalizer" daemon [_thread_blocked, id=27344, stack(0x000000e253b00000,0x000000e253c00000)]
  0x0000026c9f325000 JavaThread "Reference Handler" daemon [_thread_blocked, id=25416, stack(0x000000e253a00000,0x000000e253b00000)]
  0x0000026c9f035000 JavaThread "main" [_thread_in_Java, id=14508, stack(0x000000e253000000,0x000000e253100000)]

Other Threads:
  0x0000026cba714800 VMThread [stack: 0x000000e253900000,0x000000e253a00000] [id=5592]
  0x0000026cba7ed800 WatcherThread [stack: 0x000000e254300000,0x000000e254400000] [id=29328]

VM state:not at safepoint (normal execution)

VM Mutex/Monitor currently owned by a thread: None

heap address: 0x00000006c1800000, size: 4072 MB, Compressed Oops mode: Zero based, Oop shift amount: 3
Narrow klass base: 0x0000000000000000, Narrow klass shift: 3
Compressed class space size: 1073741824 Address: 0x00000007c0000000

Heap:
 PSYoungGen      total 76288K, used 21358K [0x000000076b300000, 0x0000000770800000, 0x00000007c0000000)
  eden space 65536K, 32% used [0x000000076b300000,0x000000076c7dba60,0x000000076f300000)
  from space 10752K, 0% used [0x000000076fd80000,0x000000076fd80000,0x0000000770800000)
  to   space 10752K, 0% used [0x000000076f300000,0x000000076f300000,0x000000076fd80000)
 ParOldGen       total 175104K, used 0K [0x00000006c1800000, 0x00000006cc300000, 0x000000076b300000)
  object space 175104K, 0% used [0x00000006c1800000,0x00000006c1800000,0x00000006cc300000)
 Metaspace       used 7489K, capacity 7678K, committed 7936K, reserved 1056768K
  class space    used 881K, capacity 963K, committed 1024K, reserved 1048576K

Card table byte_map: [0x0000026cafec0000,0x0000026cb06c0000] byte_map_base: 0x0000026cac8b4000

Marking Bits: (ParMarkBitMap*) 0x0000000054ae7fe0
 Begin Bits: [0x0000026cb0c10000, 0x0000026cb4bb0000)
 End Bits:   [0x0000026cb4bb0000, 0x0000026cb8b50000)

Polling page: 0x0000026c9efe0000

CodeCache: size=245760Kb used=2065Kb max_used=2065Kb free=243694Kb
 bounds [0x0000026ca0b00000, 0x0000026ca0d70000, 0x0000026cafb00000]
 total_blobs=784 nmethods=404 adapters=293
 compilation: enabled

Compilation events (10 events):
Event: 3.058 Thread 0x0000026cba769000  382       4       com.sun.imageio.plugins.png.PNGImageReader::decodeSubFilter (54 bytes)
Event: 3.059 Thread 0x0000026cba76e800  383       3       java.io.SequenceInputStream::read (84 bytes)
Event: 3.059 Thread 0x0000026cba76e800 nmethod 383 0x0000026ca0cf3b10 code [0x0000026ca0cf3ce0, 0x0000026ca0cf43a0]
Event: 3.059 Thread 0x0000026cba76e800  384       3       com.sun.imageio.plugins.common.InputStreamAdapter::read (13 bytes)
Event: 3.059 Thread 0x0000026cba76e800 nmethod 384 0x0000026ca0cf3690 code [0x0000026ca0cf3800, 0x0000026ca0cf3a30]
Event: 3.059 Thread 0x0000026cba76e800  385       3       com.sun.imageio.plugins.common.SubImageInputStream::read (46 bytes)
Event: 3.059 Thread 0x0000026cba76e800 nmethod 385 0x0000026ca0cf30d0 code [0x0000026ca0cf3240, 0x0000026ca0cf3570]
Event: 3.059 Thread 0x0000026cba76e800  386   !   3       java.util.zip.Inflater::setInput (74 bytes)
Event: 3.060 Thread 0x0000026cba76e800 nmethod 386 0x0000026ca0cff4d0 code [0x0000026ca0cff660, 0x0000026ca0cffba0]
Event: 3.060 Thread 0x0000026cba769000 nmethod 382 0x0000026ca0cf2d10 code [0x0000026ca0cf2e40, 0x0000026ca0cf2fd8]

GC Heap History (0 events):
No events

Deoptimization events (1 events):
Event: 2.906 Thread 0x0000026c9f035000 Uncommon trap: reason=null_check action=make_not_entrant pc=0x0000026ca0c71c14 method=java.lang.String.equals(Ljava/lang/Object;)Z @ 8

Classes redefined (0 events):
No events

Internal exceptions (10 events):
Event: 1.976 Thread 0x0000026c9f035000 Exception <a 'java/lang/NoSuchMethodError': Method sun.misc.Unsafe.prefetchRead(Ljava/lang/Object;J)V name or signature does not match> (0x000000076b307fa8) thrown at [C:\jenkins\workspace\8-2-build-windows-amd64-cygwin\jdk8u271\605\hotspot\src\share\vm\p
Event: 2.061 Thread 0x0000026c9f035000 Exception <a 'java/security/PrivilegedActionException'> (0x000000076b386008) thrown at [C:\jenkins\workspace\8-2-build-windows-amd64-cygwin\jdk8u271\605\hotspot\src\share\vm\prims\jvm.cpp, line 1512]
Event: 2.061 Thread 0x0000026c9f035000 Exception <a 'java/security/PrivilegedActionException'> (0x000000076b386218) thrown at [C:\jenkins\workspace\8-2-build-windows-amd64-cygwin\jdk8u271\605\hotspot\src\share\vm\prims\jvm.cpp, line 1512]
Event: 2.062 Thread 0x0000026c9f035000 Exception <a 'java/security/PrivilegedActionException'> (0x000000076b389e88) thrown at [C:\jenkins\workspace\8-2-build-windows-amd64-cygwin\jdk8u271\605\hotspot\src\share\vm\prims\jvm.cpp, line 1512]
Event: 2.062 Thread 0x0000026c9f035000 Exception <a 'java/security/PrivilegedActionException'> (0x000000076b38a098) thrown at [C:\jenkins\workspace\8-2-build-windows-amd64-cygwin\jdk8u271\605\hotspot\src\share\vm\prims\jvm.cpp, line 1512]
Event: 2.069 Thread 0x0000026c9f035000 Exception <a 'java/io/FileNotFoundException'> (0x000000076b38c288) thrown at [C:\jenkins\workspace\8-2-build-windows-amd64-cygwin\jdk8u271\605\hotspot\src\share\vm\prims\jni.cpp, line 710]
Event: 2.122 Thread 0x0000026c9f035000 Exception <a 'java/lang/NoSuchFieldError': method resolution failed> (0x000000076b5a4a08) thrown at [C:\jenkins\workspace\8-2-build-windows-amd64-cygwin\jdk8u271\605\hotspot\src\share\vm\prims\methodHandles.cpp, line 1169]
Event: 2.703 Thread 0x0000026c9f035000 Exception <a 'java/lang/NoSuchFieldError': method resolution failed> (0x000000076b5b1dd8) thrown at [C:\jenkins\workspace\8-2-build-windows-amd64-cygwin\jdk8u271\605\hotspot\src\share\vm\prims\methodHandles.cpp, line 1169]
Event: 2.750 Thread 0x0000026c9f035000 Exception <a 'java/io/FileNotFoundException'> (0x000000076b64bcc0) thrown at [C:\jenkins\workspace\8-2-build-windows-amd64-cygwin\jdk8u271\605\hotspot\src\share\vm\prims\jni.cpp, line 710]
Event: 2.906 Thread 0x0000026c9f035000 Implicit null exception at 0x0000026ca0c71a26 to 0x0000026ca0c71c05

Events (10 events):
Event: 3.051 Thread 0x0000026c9f035000 DEOPT PACKING pc=0x0000026ca0cc67a3 sp=0x000000e2530fed20
Event: 3.051 Thread 0x0000026c9f035000 DEOPT UNPACKING pc=0x0000026ca0b47898 sp=0x000000e2530fea20 mode 0
Event: 3.054 Thread 0x0000026c9f035000 DEOPT PACKING pc=0x0000026ca0cdedec sp=0x000000e2530fee20
Event: 3.054 Thread 0x0000026c9f035000 DEOPT UNPACKING pc=0x0000026ca0b47898 sp=0x000000e2530feb38 mode 0
Event: 3.055 Thread 0x0000026c9f035000 DEOPT PACKING pc=0x0000026ca0ced6db sp=0x000000e2530fee60
Event: 3.055 Thread 0x0000026c9f035000 DEOPT UNPACKING pc=0x0000026ca0b47898 sp=0x000000e2530fec20 mode 0
Event: 3.058 Thread 0x0000026c9f035000 DEOPT PACKING pc=0x0000026ca0ce301f sp=0x000000e2530fee30
Event: 3.058 Thread 0x0000026c9f035000 DEOPT UNPACKING pc=0x0000026ca0b47898 sp=0x000000e2530feb50 mode 0
Event: 3.060 Thread 0x0000026c9f035000 DEOPT PACKING pc=0x0000026ca0ced6db sp=0x000000e2530fee60
Event: 3.060 Thread 0x0000026c9f035000 DEOPT UNPACKING pc=0x0000026ca0b47898 sp=0x000000e2530fec20 mode 0


Dynamic libraries:
0x00007ff741e60000 - 0x00007ff741ea7000 	C:\Program Files\Java\jre1.8.0_271\bin\javaw.exe
0x00007ffebb080000 - 0x00007ffebb270000 	C:\WINDOWS\SYSTEM32\ntdll.dll
0x00007ffeb94d0000 - 0x00007ffeb9582000 	C:\WINDOWS\System32\KERNEL32.DLL
0x00007ffeb8000000 - 0x00007ffeb82a5000 	C:\WINDOWS\System32\KERNELBASE.dll
0x00007ffeba0a0000 - 0x00007ffeba143000 	C:\WINDOWS\System32\ADVAPI32.dll
0x00007ffeba9b0000 - 0x00007ffebaa4e000 	C:\WINDOWS\System32\msvcrt.dll
0x00007ffebafa0000 - 0x00007ffebb037000 	C:\WINDOWS\System32\sechost.dll
0x00007ffeb9200000 - 0x00007ffeb9320000 	C:\WINDOWS\System32\RPCRT4.dll
0x00007ffeb97b0000 - 0x00007ffeb9944000 	C:\WINDOWS\System32\USER32.dll
0x00007ffeb8420000 - 0x00007ffeb8441000 	C:\WINDOWS\System32\win32u.dll
0x00007ffebaec0000 - 0x00007ffebaee6000 	C:\WINDOWS\System32\GDI32.dll
0x00007ffeb86c0000 - 0x00007ffeb8856000 	C:\WINDOWS\System32\gdi32full.dll
0x00007ffeb84d0000 - 0x00007ffeb856e000 	C:\WINDOWS\System32\msvcp_win.dll
0x00007ffeb8320000 - 0x00007ffeb841a000 	C:\WINDOWS\System32\ucrtbase.dll
0x00007ffe9e420000 - 0x00007ffe9e6a4000 	C:\WINDOWS\WinSxS\amd64_microsoft.windows.common-controls_6595b64144ccf1df_6.0.18362.1198_none_9e820b57e45ad92f\COMCTL32.dll
0x00007ffeba150000 - 0x00007ffeba485000 	C:\WINDOWS\System32\combase.dll
0x00007ffeb8450000 - 0x00007ffeb84d0000 	C:\WINDOWS\System32\bcryptPrimitives.dll
0x00007ffeb9590000 - 0x00007ffeb95be000 	C:\WINDOWS\System32\IMM32.DLL
0x00007ffe9eb20000 - 0x00007ffe9eb35000 	C:\Program Files\Java\jre1.8.0_271\bin\vcruntime140.dll
0x00007ffe8aa90000 - 0x00007ffe8ab2b000 	C:\Program Files\Java\jre1.8.0_271\bin\msvcp140.dll
0x00000000542f0000 - 0x0000000054b5f000 	C:\Program Files\Java\jre1.8.0_271\bin\server\jvm.dll
0x00007ffebaf10000 - 0x00007ffebaf18000 	C:\WINDOWS\System32\PSAPI.DLL
0x00007ffea75b0000 - 0x00007ffea75b9000 	C:\WINDOWS\SYSTEM32\WSOCK32.dll
0x00007ffeb1940000 - 0x00007ffeb194a000 	C:\WINDOWS\SYSTEM32\VERSION.dll
0x00007ffeb5a10000 - 0x00007ffeb5a34000 	C:\WINDOWS\SYSTEM32\WINMM.dll
0x00007ffebaa50000 - 0x00007ffebaabf000 	C:\WINDOWS\System32\WS2_32.dll
0x00007ffeb5890000 - 0x00007ffeb58bd000 	C:\WINDOWS\SYSTEM32\winmmbase.dll
0x00007ffeb82d0000 - 0x00007ffeb831a000 	C:\WINDOWS\System32\cfgmgr32.dll
0x00007ffeb7fe0000 - 0x00007ffeb7ff1000 	C:\WINDOWS\System32\kernel.appcore.dll
0x00007ffeb09e0000 - 0x00007ffeb09f0000 	C:\Program Files\Java\jre1.8.0_271\bin\verify.dll
0x00007ffe980f0000 - 0x00007ffe9811b000 	C:\Program Files\Java\jre1.8.0_271\bin\java.dll
0x00007ffe988e0000 - 0x00007ffe988f8000 	C:\Program Files\Java\jre1.8.0_271\bin\zip.dll
0x00007ffeb9950000 - 0x00007ffeba037000 	C:\WINDOWS\System32\SHELL32.dll
0x00007ffeba900000 - 0x00007ffeba9a9000 	C:\WINDOWS\System32\shcore.dll
0x00007ffeb89a0000 - 0x00007ffeb9121000 	C:\WINDOWS\System32\windows.storage.dll
0x00007ffeb7f60000 - 0x00007ffeb7f83000 	C:\WINDOWS\System32\profapi.dll
0x00007ffeb7f90000 - 0x00007ffeb7fda000 	C:\WINDOWS\System32\powrprof.dll
0x00007ffeb7f30000 - 0x00007ffeb7f40000 	C:\WINDOWS\System32\UMPDC.dll
0x00007ffebac10000 - 0x00007ffebac62000 	C:\WINDOWS\System32\shlwapi.dll
0x00007ffeb82b0000 - 0x00007ffeb82c7000 	C:\WINDOWS\System32\cryptsp.dll
0x00007ffe7eb50000 - 0x00007ffe7ece4000 	C:\Program Files\Java\jre1.8.0_271\bin\awt.dll
0x00007ffebaad0000 - 0x00007ffebab95000 	C:\WINDOWS\System32\OLEAUT32.dll
0x00007ffeb5bd0000 - 0x00007ffeb5c5f000 	C:\WINDOWS\SYSTEM32\apphelp.dll
0x00007ffeb63d0000 - 0x00007ffeb63fd000 	C:\WINDOWS\system32\DWMAPI.DLL
0x00007ffeb5ec0000 - 0x00007ffeb5f59000 	C:\WINDOWS\system32\uxtheme.dll
0x00007ffe8acf0000 - 0x00007ffe8ae46000 	C:\WINDOWS\system32\opengl32.dll
0x00007ffe8acc0000 - 0x00007ffe8acec000 	C:\WINDOWS\SYSTEM32\GLU32.dll
0x00007ffeb6b70000 - 0x00007ffeb6b90000 	C:\WINDOWS\SYSTEM32\dxcore.dll
0x00007ffeb9670000 - 0x00007ffeb97a5000 	C:\WINDOWS\System32\MSCTF.dll
0x00007ffebad60000 - 0x00007ffebaeb7000 	C:\WINDOWS\System32\ole32.dll
0x00007ffeb8570000 - 0x00007ffeb86b9000 	C:\WINDOWS\System32\crypt32.dll
0x00007ffeb7f40000 - 0x00007ffeb7f52000 	C:\WINDOWS\System32\MSASN1.dll
0x00007ffeb0640000 - 0x00007ffeb066f000 	C:\WINDOWS\SYSTEM32\cryptnet.dll
0x00007ffeb7950000 - 0x00007ffeb795c000 	C:\WINDOWS\SYSTEM32\cryptbase.dll
0x00007ffeb8940000 - 0x00007ffeb899c000 	C:\WINDOWS\System32\WINTRUST.DLL
0x00007ffebaef0000 - 0x00007ffebaf0d000 	C:\WINDOWS\System32\imagehlp.dll
0x00007ffeb72f0000 - 0x00007ffeb7323000 	C:\WINDOWS\system32\rsaenh.dll
0x00007ffeb8910000 - 0x00007ffeb8936000 	C:\WINDOWS\System32\bcrypt.dll
0x00007ffe975b0000 - 0x00007ffe975e2000 	C:\Program Files\Java\jre1.8.0_271\bin\jpeg.dll
0x00007ffeb6820000 - 0x00007ffeb6a14000 	C:\WINDOWS\SYSTEM32\dbghelp.dll

VM Arguments:
jvm_args: -Dfile.encoding=Cp1252 
java_command: EmojiApplication
java_class_path (initial): C:\Users\cyril\git\ecse424-emojiResponse\bin
Launcher Type: SUN_STANDARD

Environment Variables:
PATH=C:/Program Files/Java/jre1.8.0_271/bin/server;C:/Program Files/Java/jre1.8.0_271/bin;C:/Program Files/Java/jre1.8.0_271/lib/amd64;C:\Program Files (x86)\Common Files\Oracle\Java\javapath;C:\ProgramData\Oracle\Java\javapath;C:\Program Files\Intel\iCLS Client\;C:\Windows\system32;C:\Windows;C:\Windows\System32\Wbem;C:\Windows\System32\WindowsPowerShell\v1.0\;C:\Program Files (x86)\NVIDIA Corporation\PhysX\Common;D:\Program Files\Git\cmd;C:\WINDOWS\system32;C:\WINDOWS;C:\WINDOWS\System32\Wbem;C:\WINDOWS\System32\WindowsPowerShell\v1.0\;C:\WINDOWS\System32\OpenSSH\;C:\Program Files (x86)\Intel\Intel(R) Management Engine Components\DAL;C:\Program Files\Intel\Intel(R) Management Engine Components\DAL;C:\Program Files\NVIDIA Corporation\NVIDIA NvDLISR;C:\WINDOWS\system32;C:\WINDOWS;C:\WINDOWS\System32\Wbem;C:\WINDOWS\System32\WindowsPowerShell\v1.0\;C:\WINDOWS\System32\OpenSSH\;C:\Users\cyril\AppData\Local\Microsoft\WindowsApps;;d:\program files\model sim\win32pe_edu;C:\Modeltech_pe_edu_10.4a\win32pe_edu;D:\Program Files\eclipse luna\eclipse;
USERNAME=cyril
OS=Windows_NT
PROCESSOR_IDENTIFIER=Intel64 Family 6 Model 94 Stepping 3, GenuineIntel



---------------  S Y S T E M  ---------------

OS: Windows 10.0 , 64 bit Build 18362 (10.0.18362.1110)

CPU:total 8 (initial active 8) (4 cores per cpu, 2 threads per core) family 6 model 94 stepping 3, cmov, cx8, fxsr, mmx, sse, sse2, sse3, ssse3, sse4.1, sse4.2, popcnt, avx, avx2, aes, clmul, erms, rtm, 3dnowpref, lzcnt, ht, tsc, tscinvbit, bmi1, bmi2, adx

Memory: 4k page, physical 16674408k(7646768k free), swap 30607000k(5440k free)

vm_info: Java HotSpot(TM) 64-Bit Server VM (25.271-b09) for windows-amd64 JRE (1.8.0_271-b09), built on Sep 16 2020 19:14:59 by "" with MS VC++ 15.9 (VS2017)

time: Tue Dec  1 18:26:56 2020
timezone: Eastern Standard Time
elapsed time: 3.100265 seconds (0d 0h 0m 3s)

